Traceback (most recent call last):
  File "/Users/shakidi/opt/anaconda3/envs/myenv/lib/python3.9/site-packages/jupyter_cache/executors/utils.py", line 58, in single_nb_execution
    executenb(
  File "/Users/shakidi/opt/anaconda3/envs/myenv/lib/python3.9/site-packages/nbclient/client.py", line 1305, in execute
    return NotebookClient(nb=nb, resources=resources, km=km, **kwargs).execute()
  File "/Users/shakidi/opt/anaconda3/envs/myenv/lib/python3.9/site-packages/jupyter_core/utils/__init__.py", line 173, in wrapped
    return loop.run_until_complete(inner)
  File "/Users/shakidi/opt/anaconda3/envs/myenv/lib/python3.9/asyncio/base_events.py", line 647, in run_until_complete
    return future.result()
  File "/Users/shakidi/opt/anaconda3/envs/myenv/lib/python3.9/site-packages/nbclient/client.py", line 705, in async_execute
    await self.async_execute_cell(
  File "/Users/shakidi/opt/anaconda3/envs/myenv/lib/python3.9/site-packages/nbclient/client.py", line 1058, in async_execute_cell
    await self._check_raise_for_error(cell, cell_index, exec_reply)
  File "/Users/shakidi/opt/anaconda3/envs/myenv/lib/python3.9/site-packages/nbclient/client.py", line 914, in _check_raise_for_error
    raise CellExecutionError.from_cell_and_msg(cell, exec_reply_content)
nbclient.exceptions.CellExecutionError: An error occurred while executing the following cell:
------------------
# Initialiser des données

x = ____    # Remplacer par une valeur entière (interger)
y = ____    # Remplacer par une valeur décimale (float)
z = "____"  # Remplacer par une chaîne de caractères. Par exemple "Python"
------------------


[0;31m---------------------------------------------------------------------------[0m
[0;31mNameError[0m                                 Traceback (most recent call last)
Cell [0;32mIn[2], line 3[0m
[1;32m      1[0m [38;5;66;03m# Initialiser des données[39;00m
[0;32m----> 3[0m x [38;5;241m=[39m [43m____[49m    [38;5;66;03m# Remplacer par une valeur entière (interger)[39;00m
[1;32m      4[0m y [38;5;241m=[39m ____    [38;5;66;03m# Remplacer par une valeur décimale (float)[39;00m
[1;32m      5[0m z [38;5;241m=[39m [38;5;124m"[39m[38;5;124m____[39m[38;5;124m"[39m  [38;5;66;03m# Remplacer par une chaîne de caractères. Par exemple "Python"[39;00m

[0;31mNameError[0m: name '____' is not defined

